Base path: /Applications/Unity/Unity.app/Contents
Cmd: initializeCompiler
Cmd: initializeCompiler
Cmd: initializeCompiler
Cmd: initializeCompiler
Cmd: initializeCompiler
Cmd: initializeCompiler
Cmd: initializeCompiler
Cmd: initializeCompiler
Cmd: initializeCompiler
Cmd: initializeCompiler
Cmd: initializeCompiler
Cmd: initializeCompiler
Cmd: initializeCompiler
Cmd: initializeCompiler
Cmd: initializeCompiler
Cmd: initializeCompiler
Cmd: initializeCompiler
Cmd: initializeCompiler
Cmd: initializeCompiler
Cmd: initializeCompiler
Cmd: initializeCompiler
Cmd: initializeCompiler
Cmd: initializeCompiler
Cmd: initializeCompiler
Cmd: initializeCompiler
Cmd: initializeCompiler
Cmd: initializeCompiler
Cmd: initializeCompiler
Cmd: initializeCompiler
Cmd: initializeCompiler
Cmd: initializeCompiler
Cmd: initializeCompiler
Cmd: initializeCompiler
Cmd: initializeCompiler
Cmd: initializeCompiler
Cmd: initializeCompiler
Cmd: initializeCompiler
Cmd: initializeCompiler
Cmd: initializeCompiler
Cmd: initializeCompiler
Cmd: initializeCompiler
Cmd: initializeCompiler
Cmd: initializeCompiler
Cmd: initializeCompiler
Cmd: initializeCompiler
Cmd: initializeCompiler
Cmd: initializeCompiler
Cmd: initializeCompiler
Cmd: initializeCompiler
Cmd: initializeCompiler
Cmd: initializeCompiler
Cmd: initializeCompiler
Cmd: initializeCompiler
Cmd: initializeCompiler
Cmd: initializeCompiler
Cmd: initializeCompiler
Cmd: initializeCompiler
Cmd: initializeCompiler
Cmd: initializeCompiler
Cmd: initializeCompiler
Cmd: initializeCompiler
Cmd: initializeCompiler
Cmd: initializeCompiler
Cmd: initializeCompiler
Cmd: initializeCompiler
Cmd: initializeCompiler
Cmd: initializeCompiler
Cmd: initializeCompiler
Cmd: initializeCompiler
Cmd: initializeCompiler
Cmd: initializeCompiler
Cmd: initializeCompiler
Cmd: initializeCompiler
Cmd: initializeCompiler
Cmd: initializeCompiler
Cmd: initializeCompiler
Cmd: initializeCompiler
Cmd: initializeCompiler
Cmd: initializeCompiler
Cmd: initializeCompiler
Cmd: initializeCompiler
Cmd: initializeCompiler
Cmd: initializeCompiler
Cmd: initializeCompiler
Cmd: initializeCompiler
Cmd: initializeCompiler
Cmd: initializeCompiler
Cmd: initializeCompiler
Cmd: initializeCompiler
Cmd: initializeCompiler
Cmd: initializeCompiler
Cmd: initializeCompiler
Cmd: initializeCompiler
Cmd: disassembleShader
  api=5 insize=1403 outsize=1403 ok=1
Cmd: disassembleShader
  api=14 insize=2034 outsize=1986 ok=1
Cmd: disassembleShader
  api=5 insize=1403 outsize=1403 ok=1
Cmd: disassembleShader
  api=14 insize=2034 outsize=1986 ok=1
Cmd: disassembleShader
  api=5 insize=2013 outsize=2013 ok=1
Cmd: disassembleShader
  api=14 insize=2523 outsize=2475 ok=1
Cmd: disassembleShader
  api=5 insize=2013 outsize=2013 ok=1
Cmd: disassembleShader
  api=14 insize=2523 outsize=2475 ok=1
Cmd: disassembleShader
  api=5 insize=1403 outsize=1403 ok=1
Cmd: disassembleShader
  api=14 insize=2034 outsize=1986 ok=1
Cmd: disassembleShader
  api=5 insize=1403 outsize=1403 ok=1
Cmd: disassembleShader
  api=14 insize=2034 outsize=1986 ok=1
Cmd: disassembleShader
  api=5 insize=2013 outsize=2013 ok=1
Cmd: disassembleShader
  api=14 insize=2523 outsize=2475 ok=1
Cmd: disassembleShader
  api=5 insize=2013 outsize=2013 ok=1
Cmd: disassembleShader
  api=14 insize=2523 outsize=2475 ok=1
Cmd: disassembleShader
  api=5 insize=0 outsize=57 ok=1
Cmd: disassembleShader
  api=14 insize=1569 outsize=1521 ok=1
Cmd: disassembleShader
  api=5 insize=0 outsize=57 ok=1
Cmd: disassembleShader
  api=14 insize=1569 outsize=1521 ok=1
Cmd: disassembleShader
  api=5 insize=0 outsize=57 ok=1
Cmd: disassembleShader
  api=14 insize=2257 outsize=2209 ok=1
Cmd: disassembleShader
  api=5 insize=0 outsize=57 ok=1
Cmd: disassembleShader
  api=14 insize=2257 outsize=2209 ok=1
Cmd: disassembleShader
  api=5 insize=1639 outsize=1639 ok=1
Cmd: disassembleShader
  api=14 insize=2557 outsize=2509 ok=1
Cmd: disassembleShader
  api=5 insize=1310 outsize=1310 ok=1
Cmd: disassembleShader
  api=14 insize=2034 outsize=1986 ok=1
Cmd: disassembleShader
  api=14 insize=2034 outsize=1986 ok=1
Cmd: disassembleShader
  api=5 insize=1983 outsize=1983 ok=1
Cmd: disassembleShader
  api=14 insize=2517 outsize=2469 ok=1
Cmd: disassembleShader
  api=5 insize=1733 outsize=1733 ok=1
Cmd: disassembleShader
  api=14 insize=2557 outsize=2509 ok=1
Cmd: disassembleShader
  api=5 insize=1605 outsize=1605 ok=1
Cmd: disassembleShader
  api=5 insize=2617 outsize=2617 ok=1
Cmd: disassembleShader
  api=14 insize=2958 outsize=2910 ok=1
Cmd: disassembleShader
  api=5 insize=3376 outsize=3376 ok=1
Cmd: disassembleShader
  api=14 insize=2958 outsize=2910 ok=1
Cmd: disassembleShader
  api=5 insize=1912 outsize=1912 ok=1
Cmd: disassembleShader
  api=14 insize=2523 outsize=2475 ok=1
Cmd: disassembleShader
  api=5 insize=2107 outsize=2107 ok=1
Cmd: disassembleShader
  api=14 insize=2983 outsize=2935 ok=1
Cmd: disassembleShader
  api=5 insize=2690 outsize=2690 ok=1
Cmd: disassembleShader
  api=14 insize=2711 outsize=2663 ok=1
Cmd: disassembleShader
  api=5 insize=4849 outsize=4849 ok=1
Cmd: disassembleShader
  api=14 insize=2711 outsize=2663 ok=1
Cmd: disassembleShader
  api=5 insize=2833 outsize=2833 ok=1
Cmd: disassembleShader
  api=14 insize=2711 outsize=2663 ok=1
Cmd: disassembleShader
  api=5 insize=4992 outsize=4992 ok=1
Cmd: disassembleShader
  api=14 insize=2711 outsize=2663 ok=1
Cmd: disassembleShader
  api=5 insize=0 outsize=57 ok=1
Cmd: disassembleShader
  api=14 insize=1857 outsize=1809 ok=1
Cmd: disassembleShader
  api=5 insize=0 outsize=57 ok=1
Cmd: disassembleShader
  api=14 insize=1498 outsize=1450 ok=1
Cmd: disassembleShader
  api=5 insize=0 outsize=57 ok=1
Cmd: disassembleShader
  api=14 insize=2425 outsize=2377 ok=1
Cmd: disassembleShader
  api=5 insize=0 outsize=57 ok=1
Cmd: disassembleShader
  api=14 insize=2127 outsize=2079 ok=1
Cmd: disassembleShader
  api=5 insize=0 outsize=57 ok=1
Cmd: disassembleShader
  api=14 insize=1817 outsize=1769 ok=1
Cmd: disassembleShader
  api=5 insize=0 outsize=57 ok=1
Cmd: disassembleShader
  api=14 insize=3139 outsize=3091 ok=1
Cmd: disassembleShader
  api=5 insize=0 outsize=57 ok=1
Cmd: disassembleShader
  api=14 insize=3894 outsize=3846 ok=1
Cmd: disassembleShader
  api=5 insize=0 outsize=57 ok=1
Cmd: disassembleShader
  api=14 insize=2197 outsize=2149 ok=1
Cmd: disassembleShader
  api=5 insize=0 outsize=57 ok=1
Cmd: disassembleShader
  api=14 insize=2491 outsize=2443 ok=1
Cmd: disassembleShader
  api=5 insize=0 outsize=57 ok=1
Cmd: disassembleShader
  api=14 insize=3039 outsize=2991 ok=1
Cmd: disassembleShader
  api=5 insize=0 outsize=57 ok=1
Cmd: disassembleShader
  api=14 insize=3828 outsize=3780 ok=1
Cmd: disassembleShader
  api=5 insize=0 outsize=57 ok=1
Cmd: disassembleShader
  api=14 insize=3309 outsize=3261 ok=1
Cmd: disassembleShader
  api=5 insize=0 outsize=57 ok=1
Cmd: disassembleShader
  api=14 insize=4083 outsize=4035 ok=1
Cmd: initializeCompiler
Cmd: initializeCompiler
Cmd: initializeCompiler
Cmd: initializeCompiler
Cmd: initializeCompiler
Cmd: initializeCompiler
Cmd: initializeCompiler
Cmd: initializeCompiler
Cmd: initializeCompiler
Cmd: initializeCompiler
Cmd: initializeCompiler
Cmd: initializeCompiler
Cmd: initializeCompiler
Cmd: initializeCompiler
Cmd: initializeCompiler
Cmd: initializeCompiler
Cmd: initializeCompiler
Cmd: initializeCompiler
Cmd: initializeCompiler
Cmd: initializeCompiler
Cmd: initializeCompiler
Cmd: initializeCompiler
Cmd: initializeCompiler
Cmd: initializeCompiler
Cmd: initializeCompiler
Cmd: initializeCompiler
Cmd: initializeCompiler
Cmd: initializeCompiler

Quitting shader compiler process
